[01m[K/home/arijitnoobstar/UAVProjectileCatcher/src/realsense/src/ball_trajectory.cpp:[m[K In function â€˜[01m[Kint main(int, char**)[m[Kâ€™:
[01m[K/home/arijitnoobstar/UAVProjectileCatcher/src/realsense/src/ball_trajectory.cpp:27:2:[m[K [01;31m[Kerror: [m[Kâ€˜[01m[Kball_points_pubPtr[m[Kâ€™ was not declared in this scope
  [01;31m[Kball_points_pubPtr[m[K = new ros::Publisher(nh.advertise<geometry_msgs::PoseArray>("ball_path", 10000));
  [01;31m[K^~~~~~~~~~~~~~~~~~[m[K
[01m[K/home/arijitnoobstar/UAVProjectileCatcher/src/realsense/src/ball_trajectory.cpp:27:2:[m[K [01;36m[Knote: [m[Ksuggested alternative: â€˜[01m[Kball_path_pubPtr[m[Kâ€™
  [01;36m[Kball_points_pubPtr[m[K = new ros::Publisher(nh.advertise<geometry_msgs::PoseArray>("ball_path", 10000));
  [01;36m[K^~~~~~~~~~~~~~~~~~[m[K
  [32m[Kball_path_pubPtr[m[K
make[2]: *** [CMakeFiles/ball_trajectory.dir/src/ball_trajectory.cpp.o] Error 1
make[1]: *** [CMakeFiles/ball_trajectory.dir/all] Error 2
make[1]: *** Waiting for unfinished jobs....
make: *** [all] Error 2
